13:43:54.473 DEBUG --- org.springframework.capstone.UserService   : user.findAll();SELECT id, name, email FROM user;253ms;
13:44:29.049 DEBUG --- org.springframework.capstone.UserService   : user.findByName("gildong");SELECT id, name, email FROM user WHERE name = 'gildong';15ms;
13:45:02.126 DEBUG --- org.springframework.capstone.OrderService   : order.findById(123);SELECT id, user_id, product_id, quantity FROM order WHERE id = 123;30ms;
13:46:11.712 DEBUG --- org.springframework.capstone.ProductService   : product.findByCategory("electronics");SELECT id, name, category, price FROM product WHERE category = 'electronics';20ms;
13:46:59.819 DEBUG --- org.springframework.capstone.AddressService   : address.findByCity("New York");SELECT id, street, city, state FROM address WHERE city = 'New York';25ms;
13:47:35.987 DEBUG --- org.springframework.capstone.UserService   : user.findByAgeGreaterThan(30);SELECT id, name, email FROM user WHERE age > 30;28ms;
13:48:09.214 DEBUG --- org.springframework.capstone.OrderService   : order.findByStatus("pending");SELECT id, user_id, product_id, quantity FROM order WHERE status = 'pending';18ms;
13:48:43.892 DEBUG --- org.springframework.capstone.ProductService   : product.findByPriceLessThan(100);SELECT id, name, category, price FROM product WHERE price < 100;22ms;
13:49:25.348 DEBUG --- org.springframework.capstone.AddressService   : address.findByZipCode("10001");SELECT id, street, city, state FROM address WHERE zip_code = '10001';35ms;
13:50:09.529 DEBUG --- org.springframework.capstone.UserService   : user.findAll();SELECT id, name, email FROM user;253ms;
13:51:11.189 DEBUG --- org.springframework.capstone.UserService   : user.findByName("johndoe");SELECT id, name, email FROM user WHERE name = 'johndoe';15ms;
13:52:18.945 DEBUG --- org.springframework.capstone.OrderService   : order.findById(456);SELECT id, user_id, product_id, quantity FROM order WHERE id = 456;30ms;
13:53:28.712 DEBUG --- org.springframework.capstone.ProductService   : product.findByCategory("furniture");SELECT id, name, category, price FROM product WHERE category = 'furniture';20ms;
13:54:34.845 DEBUG --- org.springframework.capstone.AddressService   : address.findByCity("Los Angeles");SELECT id, street, city, state FROM address WHERE city = 'Los Angeles';25ms;
13:55:09.235 DEBUG --- org.springframework.capstone.UserService   : user.findByAgeGreaterThan(40);SELECT id, name, email FROM user WHERE age > 40;28ms;
13:56:12.891 DEBUG --- org.springframework.capstone.OrderService   : order.findByStatus("shipped");SELECT id, user_id, product_id, quantity FROM order WHERE status = 'shipped';18ms;
13:57:25.478 DEBUG --- org.springframework.capstone.ProductService   : product.findByPriceLessThan(50);SELECT id, name, category, price FROM product WHERE price < 50;22ms;
13:58:37.832 DEBUG --- org.springframework.capstone.AddressService   : address.findByZipCode("90210");SELECT id, street, city, state FROM address WHERE zip_code = '90210';35ms;
13:59:49.613 DEBUG --- org.springframework.capstone.UserService   : user.findAll();SELECT id, name, email FROM user;253ms;
14:00:52.152 DEBUG --- org.springframework.capstone.UserService   : user.findByName("janedoe");SELECT id, name, email FROM user WHERE name = 'janedoe';15ms;
14:01:59.924 DEBUG --- org.springframework.capstone.OrderService   : order.findById(789);SELECT id, user_id, product_id, quantity FROM order WHERE id = 789;30ms;
14:03:09.312 DEBUG --- org.springframework.capstone.ProductService   : product.findByCategory("appliances");SELECT id, name, category, price FROM product WHERE category = 'appliances';20ms;
14:04:14.742 DEBUG --- org.springframework.capstone.AddressService   : address.findByCity("Chicago");SELECT id, street, city, state FROM address WHERE city = 'Chicago';25ms;
14:05:09.429 DEBUG --- org.springframework.capstone.UserService   : user.findByAgeGreaterThan(50);SELECT id, name, email FROM user WHERE age > 50;28ms;
14:06:12.983 DEBUG --- org.springframework.capstone.OrderService   : order.findByStatus("delivered");SELECT id, user_id, product_id, quantity FROM order WHERE status = 'delivered';18ms;
14:07:25.547 DEBUG --- org.springframework.capstone.ProductService   : product.findByPriceLessThan(200);SELECT id, name, category, price FROM product WHERE price < 200;22ms;
14:08:37.865 DEBUG --- org.springframework.capstone.AddressService   : address.findByZipCode("60601");SELECT id, street, city, state FROM address WHERE zip_code = '60601';35ms;
